[2018-02-03 18:08:02,884] - INFO - audit [P8605]: get in to cron job.....
[2018-02-03 18:08:02,885] - INFO - audit [P8605]: get in to cron job end.....
[2018-02-03 18:08:02,886] - INFO - audit [P8605]: t1
[2018-02-03 18:08:29,151] - INFO - audit [P8605]: get in to cron job.....
[2018-02-03 18:08:29,152] - INFO - audit [P8605]: get in to cron job end.....
[2018-02-03 18:08:29,153] - INFO - audit [P8605]: t1
[2018-02-03 18:10:28,756] - INFO - audit [P8605]: get in to cron job.....
[2018-02-03 18:10:28,757] - INFO - audit [P8605]: get in to cron job end.....
[2018-02-03 18:10:28,758] - INFO - audit [P8605]: t1
[2018-02-03 18:48:20,087] - INFO - audit [P9460]: get in to cron job.....
[2018-02-03 18:48:20,088] - INFO - audit [P9460]: get in to cron job end.....
[2018-02-03 18:48:20,089] - INFO - audit [P9460]: t1
[2018-02-03 18:49:11,863] - INFO - audit [P9489]: get in to cron job.....
[2018-02-03 18:49:11,864] - INFO - audit [P9489]: get in to cron job end.....
[2018-02-03 18:49:11,865] - INFO - audit [P9489]: t1
[2018-02-03 19:34:19,299] - INFO - audit [P10754]: get in to cron job.....
[2018-02-03 19:34:19,299] - INFO - audit [P10754]: get in to cron job end.....
[2018-02-03 19:34:19,300] - INFO - audit [P10754]: t1
[2018-02-03 19:36:17,980] - INFO - audit [P10819]: get in to cron job.....
[2018-02-03 19:36:17,980] - INFO - audit [P10819]: get in to cron job end.....
[2018-02-03 19:36:17,982] - INFO - audit [P10819]: t1
[2018-02-03 19:37:59,106] - INFO - audit [P10918]: get in to cron job.....
[2018-02-03 19:37:59,107] - INFO - audit [P10918]: get in to cron job end.....
[2018-02-03 19:37:59,109] - INFO - audit [P10918]: t1
[2018-02-03 19:41:16,472] - INFO - audit [P10984]: get in to cron job.....
[2018-02-03 19:41:16,472] - INFO - audit [P10984]: get in to cron job end.....
[2018-02-03 19:41:16,473] - INFO - audit [P10984]: t1
[2018-02-03 19:42:59,986] - INFO - audit [P11069]: get in to cron job.....
[2018-02-03 19:42:59,987] - INFO - audit [P11069]: get in to cron job end.....
[2018-02-03 19:42:59,988] - INFO - audit [P11069]: t1
[2018-02-03 19:43:44,772] - INFO - audit [P11094]: get in to cron job.....
[2018-02-03 19:43:44,773] - INFO - audit [P11094]: get in to cron job end.....
[2018-02-03 19:43:44,774] - INFO - audit [P11094]: t1
[2018-02-03 19:44:29,966] - INFO - audit [P11133]: get in to cron job.....
[2018-02-03 19:44:29,966] - INFO - audit [P11133]: get in to cron job end.....
[2018-02-03 19:44:29,968] - INFO - audit [P11133]: t1
[2018-02-03 19:44:54,492] - INFO - audit [P11157]: get in to cron job.....
[2018-02-03 19:44:54,492] - INFO - audit [P11157]: get in to cron job end.....
[2018-02-03 19:44:54,493] - INFO - audit [P11157]: t1
[2018-02-03 19:47:07,783] - INFO - audit [P11256]: get in to cron job.....
[2018-02-03 19:47:07,784] - INFO - audit [P11256]: get in to cron job end.....
[2018-02-03 19:47:07,785] - INFO - audit [P11256]: t1
[2018-02-03 20:01:30,225] - INFO - audit [P11661]: get in to cron job.....
[2018-02-03 20:01:30,225] - INFO - audit [P11661]: get in to cron job end.....
[2018-02-03 20:01:30,971] - INFO - audit [P11661]: t1 - 200
[2018-02-03 20:01:53,275] - INFO - audit [P11661]: get in to cron job.....
[2018-02-03 20:01:53,275] - INFO - audit [P11661]: get in to cron job end.....
[2018-02-03 20:09:01,484] - INFO - audit [P12001]: get in to cron job.....
[2018-02-03 20:09:02,044] - INFO - audit [P12001]: t2 - 200
[2018-02-03 20:09:02,047] - INFO - audit [P12001]: get in to cron job end.....
[2018-02-03 20:11:01,719] - INFO - audit [P12081]: get in to cron job.....
[2018-02-03 20:11:01,720] - INFO - audit [P12081]: get in to cron job end.....
[2018-02-03 20:12:02,172] - INFO - audit [P12145]: get in to cron job.....
[2018-02-03 20:12:02,173] - INFO - audit [P12145]: get in to cron job end.....
[2018-02-03 20:14:01,878] - INFO - audit [P12201]: get in to cron job.....
[2018-02-03 20:14:01,880] - INFO - audit [P12201]: get in to cron job end.....
[2018-02-03 20:15:02,216] - INFO - audit [P12223]: get in to cron job.....
[2018-02-03 20:15:02,217] - INFO - audit [P12223]: get in to cron job end.....
[2018-02-03 22:09:29,474] - INFO - audit [P14598]: get in to cron job.....
[2018-02-03 22:09:29,475] - INFO - audit [P14598]: get in to cron job end.....
[2018-02-03 22:10:20,294] - INFO - audit [P14598]: get in to cron job.....
[2018-02-03 22:12:00,712] - INFO - audit [P14598]: get in to cron job.....
[2018-02-03 22:13:43,171] - INFO - audit [P14838]: get in to cron job.....
[2018-02-03 22:14:33,551] - INFO - audit [P14881]: get in to cron job.....
[2018-02-03 22:14:38,511] - INFO - audit [P14881]: get in to cron job.....
[2018-02-03 22:14:40,604] - INFO - audit [P14881]: get in to cron job.....
[2018-02-03 22:14:46,723] - INFO - audit [P14906]: get in to cron job.....
[2018-02-03 22:15:03,709] - INFO - audit [P14931]: get in to cron job.....
[2018-02-03 22:15:04,393] - INFO - audit [P14931]: t3 - 200
[2018-02-03 22:15:04,396] - INFO - audit [P14931]: get in to cron job end.....
[2018-02-03 22:16:02,319] - INFO - audit [P14972]: get in to cron job.....
[2018-02-03 22:16:02,320] - INFO - audit [P14972]: get in to cron job end.....
[2018-02-03 22:27:01,827] - INFO - audit [P15446]: get in to cron job.....
[2018-02-03 22:27:02,379] - INFO - audit [P15446]: t4 - 200
[2018-02-03 22:27:02,382] - INFO - audit [P15446]: get in to cron job end.....
[2018-02-03 22:29:02,059] - INFO - audit [P15506]: get in to cron job.....
[2018-02-03 22:29:02,060] - INFO - audit [P15506]: get in to cron job end.....
[2018-02-03 22:35:01,399] - INFO - audit [P15748]: get in to cron job.....
[2018-02-03 22:35:01,972] - INFO - audit [P15748]: t5 - 200
[2018-02-03 22:35:01,975] - INFO - audit [P15748]: get in to cron job end.....
[2018-02-03 22:37:01,658] - INFO - audit [P15856]: get in to cron job.....
[2018-02-03 22:37:01,659] - INFO - audit [P15856]: get in to cron job end.....
[2018-02-03 22:38:02,019] - INFO - audit [P15899]: get in to cron job.....
[2018-02-03 22:38:02,020] - INFO - audit [P15899]: get in to cron job end.....
[2018-02-03 22:40:01,729] - INFO - audit [P15992]: ---------------START CRON JOB----
[2018-02-03 22:40:01,730] - INFO - audit [P15992]: ----------END CRON JOB---------------
[2018-02-03 22:41:02,094] - INFO - audit [P16031]: ---------------START CRON JOB----
[2018-02-03 22:41:02,095] - INFO - audit [P16031]: ----------END CRON JOB---------------
[2018-02-03 22:43:01,772] - INFO - audit [P16142]: ---------------START CRON JOB-----------------
[2018-02-03 22:43:01,773] - INFO - audit [P16142]: ---------------END CRON JOB---------------
[2018-02-03 22:44:02,119] - INFO - audit [P16172]: ---------------START CRON JOB-----------------
[2018-02-03 22:44:02,120] - INFO - audit [P16172]: ---------------END CRON JOB---------------
[2018-02-04 00:07:50,955] - INFO - audit [P17925]: ---------------START CRON JOB-----------------
[2018-02-04 00:07:50,958] - INFO - audit [P17925]: ---------------END CRON JOB---------------
