[2018-02-03 06:47:16,790] - INFO - django.server [P15126]: "GET /admin/management/product/ HTTP/1.1" 200 8855
[2018-02-03 06:47:16,831] - INFO - django.server [P15126]: "GET /static/admin/css/base.css HTTP/1.1" 304 0
[2018-02-03 06:47:16,832] - INFO - django.server [P15126]: "GET /static/admin/css/changelists.css HTTP/1.1" 304 0
[2018-02-03 06:47:16,834] - INFO - django.server [P15126]: "GET /static/admin/js/core.js HTTP/1.1" 304 0
[2018-02-03 06:47:16,841] - INFO - django.server [P15126]: "GET /static/admin/js/vendor/jquery/jquery.js HTTP/1.1" 304 0
[2018-02-03 06:47:16,843] - INFO - django.server [P15126]: "GET /static/admin/js/jquery.init.js HTTP/1.1" 304 0
[2018-02-03 06:47:16,846] - INFO - django.server [P15126]: "GET /static/admin/js/admin/RelatedObjectLookups.js HTTP/1.1" 304 0
[2018-02-03 06:47:16,852] - INFO - django.server [P15126]: "GET /static/admin/js/actions.js HTTP/1.1" 304 0
[2018-02-03 06:47:16,859] - INFO - django.server [P15126]: "GET /admin/jsi18n/ HTTP/1.1" 200 3189
[2018-02-03 06:47:16,861] - INFO - django.server [P15126]: "GET /static/admin/js/urlify.js HTTP/1.1" 304 0
[2018-02-03 06:47:16,871] - INFO - django.server [P15126]: "GET /static/admin/js/prepopulate.js HTTP/1.1" 304 0
[2018-02-03 06:47:16,874] - INFO - django.server [P15126]: "GET /static/admin/js/vendor/xregexp/xregexp.js HTTP/1.1" 304 0
[2018-02-03 06:47:16,865] - INFO - django.server [P15126]: "GET /static/admin/css/fonts.css HTTP/1.1" 304 0
[2018-02-03 06:47:16,883] - INFO - django.server [P15126]: "GET /static/admin/img/search.svg HTTP/1.1" 304 0
[2018-02-03 06:47:16,891] - INFO - django.server [P15126]: "GET /static/admin/img/icon-yes.svg HTTP/1.1" 304 0
[2018-02-03 06:47:16,898] - INFO - django.server [P15126]: "GET /static/admin/img/icon-no.svg HTTP/1.1" 304 0
[2018-02-03 06:47:16,928] - INFO - django.server [P15126]: "GET /static/admin/fonts/Roboto-Bold-webfont.woff HTTP/1.1" 304 0
[2018-02-03 06:47:16,929] - INFO - django.server [P15126]: "GET /static/admin/fonts/Roboto-Light-webfont.woff HTTP/1.1" 304 0
[2018-02-03 06:47:16,931] - INFO - django.server [P15126]: "GET /static/admin/fonts/Roboto-Regular-webfont.woff HTTP/1.1" 304 0
[2018-02-03 06:47:16,933] - INFO - django.server [P15126]: "GET /static/admin/img/tooltag-add.svg HTTP/1.1" 304 0
[2018-02-03 06:47:19,477] - INFO - django.server [P15126]: "GET /admin/management/product/ HTTP/1.1" 200 8855
[2018-02-03 06:47:19,496] - INFO - django.server [P15126]: "GET /admin/jsi18n/ HTTP/1.1" 200 3189
[2018-02-03 06:50:07,696] - INFO - django.server [P15126]: "GET /admin/management/product/ HTTP/1.1" 200 8855
[2018-02-03 06:50:07,713] - INFO - django.server [P15126]: "GET /admin/jsi18n/ HTTP/1.1" 200 3189
[2018-02-03 06:50:09,935] - INFO - django.server [P15126]: "GET /admin/management/ HTTP/1.1" 200 2697
[2018-02-03 06:50:09,945] - INFO - django.server [P15126]: "GET /static/admin/css/dashboard.css HTTP/1.1" 304 0
[2018-02-03 06:50:09,950] - INFO - django.server [P15126]: "GET /static/admin/img/icon-addlink.svg HTTP/1.1" 304 0
[2018-02-03 06:50:09,952] - INFO - django.server [P15126]: "GET /static/admin/img/icon-changelink.svg HTTP/1.1" 304 0
[2018-02-03 06:50:11,380] - INFO - django.server [P15126]: "GET /admin/management/product/ HTTP/1.1" 200 8855
[2018-02-03 06:50:11,400] - INFO - django.server [P15126]: "GET /admin/jsi18n/ HTTP/1.1" 200 3189
[2018-02-03 06:50:13,785] - INFO - django.server [P15126]: "GET /admin/management/ HTTP/1.1" 200 2697
[2018-02-03 06:50:16,827] - INFO - django.server [P15126]: "GET /admin/management/product/ HTTP/1.1" 200 8855
[2018-02-03 06:50:16,849] - INFO - django.server [P15126]: "GET /admin/jsi18n/ HTTP/1.1" 200 3189
[2018-02-03 06:52:37,687] - INFO - django.server [P15126]: "GET /admin/management/ HTTP/1.1" 200 2697
[2018-02-03 06:52:38,871] - INFO - django.server [P15126]: "GET /admin/management/product/ HTTP/1.1" 200 8855
[2018-02-03 06:52:38,892] - INFO - django.server [P15126]: "GET /admin/jsi18n/ HTTP/1.1" 200 3189
[2018-02-03 06:53:07,031] - INFO - django.server [P15303]: "GET /admin/management/ HTTP/1.1" 200 2697
[2018-02-03 06:53:09,159] - INFO - django.server [P15303]: "GET /admin/management/product/ HTTP/1.1" 200 6259
[2018-02-03 06:53:09,178] - INFO - django.server [P15303]: "GET /admin/jsi18n/ HTTP/1.1" 200 3189
[2018-02-03 06:53:10,766] - INFO - django.server [P15303]: "GET /admin/management/product/add/ HTTP/1.1" 200 10814
[2018-02-03 06:53:10,781] - INFO - django.server [P15303]: "GET /static/admin/js/admin/DateTimeShortcuts.js HTTP/1.1" 304 0
[2018-02-03 06:53:10,782] - INFO - django.server [P15303]: "GET /static/admin/css/forms.css HTTP/1.1" 304 0
[2018-02-03 06:53:10,784] - INFO - django.server [P15303]: "GET /static/admin/js/collapse.js HTTP/1.1" 304 0
[2018-02-03 06:53:10,783] - INFO - django.server [P15303]: "GET /static/admin/js/calendar.js HTTP/1.1" 304 0
[2018-02-03 06:53:10,789] - INFO - django.server [P15303]: "GET /static/admin/css/widgets.css HTTP/1.1" 304 0
[2018-02-03 06:53:10,791] - INFO - django.server [P15303]: "GET /admin/jsi18n/ HTTP/1.1" 200 3189
[2018-02-03 06:53:10,792] - INFO - django.server [P15303]: "GET /static/admin/js/change_form.js HTTP/1.1" 304 0
[2018-02-03 06:53:10,796] - INFO - django.server [P15303]: "GET /static/admin/js/prepopulate_init.js HTTP/1.1" 304 0
[2018-02-03 06:53:10,804] - INFO - django.server [P15303]: "GET /static/admin/img/icon-deletelink.svg HTTP/1.1" 304 0
[2018-02-03 06:53:10,834] - INFO - django.server [P15303]: "GET /static/admin/img/icon-clock.svg HTTP/1.1" 304 0
[2018-02-03 06:53:10,835] - INFO - django.server [P15303]: "GET /static/admin/img/icon-calendar.svg HTTP/1.1" 304 0
[2018-02-03 06:53:29,339] - INFO - django.server [P15303]: "POST /admin/management/product/add/ HTTP/1.1" 302 0
[2018-02-03 06:53:29,390] - INFO - django.server [P15303]: "GET /admin/management/product/ HTTP/1.1" 200 9076
[2018-02-03 06:53:29,414] - INFO - django.server [P15303]: "GET /admin/jsi18n/ HTTP/1.1" 200 3189
[2018-02-03 07:00:17,520] - INFO - django.server [P15303]: "GET /admin/management/ HTTP/1.1" 200 2697
[2018-02-03 07:00:19,070] - INFO - django.server [P15303]: "GET /admin/management/product/ HTTP/1.1" 200 8856
[2018-02-03 07:00:19,091] - INFO - django.server [P15303]: "GET /admin/jsi18n/ HTTP/1.1" 200 3189
[2018-02-03 17:08:30,572] - INFO - django.server [P5857]: "GET / HTTP/1.1" 200 1716
[2018-02-03 17:08:30,648] - WARNING - django.request [P5857]: Not Found: /favicon.ico
[2018-02-03 17:08:30,648] - WARNING - django.server [P5857]: "GET /favicon.ico HTTP/1.1" 404 1966
[2018-02-03 17:08:43,852] - INFO - django.server [P5857]: "GET /admin/ HTTP/1.1" 200 4908
[2018-02-03 17:08:43,858] - INFO - django.server [P5857]: "GET /static/admin/css/base.css HTTP/1.1" 304 0
[2018-02-03 17:08:43,862] - INFO - django.server [P5857]: "GET /static/admin/css/fonts.css HTTP/1.1" 304 0
[2018-02-03 17:08:43,871] - INFO - django.server [P5857]: "GET /static/admin/css/dashboard.css HTTP/1.1" 304 0
[2018-02-03 17:08:43,878] - INFO - django.server [P5857]: "GET /static/admin/fonts/Roboto-Bold-webfont.woff HTTP/1.1" 304 0
[2018-02-03 17:08:43,878] - INFO - django.server [P5857]: "GET /static/admin/fonts/Roboto-Regular-webfont.woff HTTP/1.1" 304 0
[2018-02-03 17:08:43,879] - INFO - django.server [P5857]: "GET /static/admin/fonts/Roboto-Light-webfont.woff HTTP/1.1" 304 0
[2018-02-03 17:08:43,890] - INFO - django.server [P5857]: "GET /static/admin/img/icon-addlink.svg HTTP/1.1" 304 0
[2018-02-03 17:08:43,892] - INFO - django.server [P5857]: "GET /static/admin/img/icon-changelink.svg HTTP/1.1" 304 0
[2018-02-03 17:08:46,897] - INFO - django.server [P5857]: "GET /admin/management/product/ HTTP/1.1" 200 6259
[2018-02-03 17:08:46,914] - INFO - django.server [P5857]: "GET /static/admin/js/core.js HTTP/1.1" 304 0
[2018-02-03 17:08:46,915] - INFO - django.server [P5857]: "GET /static/admin/css/changelists.css HTTP/1.1" 304 0
[2018-02-03 17:08:46,915] - INFO - django.server [P5857]: "GET /static/admin/js/vendor/jquery/jquery.js HTTP/1.1" 304 0
[2018-02-03 17:08:46,916] - INFO - django.server [P5857]: "GET /static/admin/js/admin/RelatedObjectLookups.js HTTP/1.1" 304 0
[2018-02-03 17:08:46,923] - INFO - django.server [P5857]: "GET /static/admin/js/prepopulate.js HTTP/1.1" 304 0
[2018-02-03 17:08:46,924] - INFO - django.server [P5857]: "GET /static/admin/js/urlify.js HTTP/1.1" 304 0
[2018-02-03 17:08:46,924] - INFO - django.server [P5857]: "GET /static/admin/js/actions.js HTTP/1.1" 304 0
[2018-02-03 17:08:46,924] - INFO - django.server [P5857]: "GET /static/admin/js/vendor/xregexp/xregexp.js HTTP/1.1" 304 0
[2018-02-03 17:08:46,936] - INFO - django.server [P5857]: "GET /static/admin/js/jquery.init.js HTTP/1.1" 304 0
[2018-02-03 17:08:46,944] - INFO - django.server [P5857]: "GET /admin/jsi18n/ HTTP/1.1" 200 3189
[2018-02-03 17:08:46,951] - INFO - django.server [P5857]: "GET /static/admin/img/search.svg HTTP/1.1" 304 0
[2018-02-03 17:08:46,984] - INFO - django.server [P5857]: "GET /static/admin/img/tooltag-add.svg HTTP/1.1" 304 0
[2018-02-03 17:08:48,593] - INFO - django.server [P5857]: "GET /admin/management/product/add/ HTTP/1.1" 200 10814
[2018-02-03 17:08:48,607] - INFO - django.server [P5857]: "GET /static/admin/css/forms.css HTTP/1.1" 304 0
[2018-02-03 17:08:48,608] - INFO - django.server [P5857]: "GET /static/admin/js/calendar.js HTTP/1.1" 304 0
[2018-02-03 17:08:48,612] - INFO - django.server [P5857]: "GET /static/admin/js/admin/DateTimeShortcuts.js HTTP/1.1" 304 0
[2018-02-03 17:08:48,616] - INFO - django.server [P5857]: "GET /static/admin/js/collapse.js HTTP/1.1" 304 0
[2018-02-03 17:08:48,617] - INFO - django.server [P5857]: "GET /static/admin/js/change_form.js HTTP/1.1" 304 0
[2018-02-03 17:08:48,620] - INFO - django.server [P5857]: "GET /admin/jsi18n/ HTTP/1.1" 200 3189
[2018-02-03 17:08:48,621] - INFO - django.server [P5857]: "GET /static/admin/css/widgets.css HTTP/1.1" 304 0
[2018-02-03 17:08:48,631] - INFO - django.server [P5857]: "GET /static/admin/js/prepopulate_init.js HTTP/1.1" 304 0
[2018-02-03 17:08:48,640] - INFO - django.server [P5857]: "GET /static/admin/img/icon-deletelink.svg HTTP/1.1" 304 0
[2018-02-03 17:08:48,686] - INFO - django.server [P5857]: "GET /static/admin/img/icon-calendar.svg HTTP/1.1" 304 0
[2018-02-03 17:08:48,687] - INFO - django.server [P5857]: "GET /static/admin/img/icon-clock.svg HTTP/1.1" 304 0
[2018-02-03 17:09:01,711] - INFO - django.server [P5857]: "POST /admin/management/product/add/ HTTP/1.1" 302 0
[2018-02-03 17:09:01,766] - INFO - django.server [P5857]: "GET /admin/management/product/ HTTP/1.1" 200 9082
[2018-02-03 17:09:01,785] - INFO - django.server [P5857]: "GET /static/admin/img/icon-yes.svg HTTP/1.1" 304 0
[2018-02-03 17:09:01,788] - INFO - django.server [P5857]: "GET /static/admin/img/icon-no.svg HTTP/1.1" 304 0
[2018-02-03 17:09:01,790] - INFO - django.server [P5857]: "GET /admin/jsi18n/ HTTP/1.1" 200 3189
[2018-02-03 17:21:49,912] - INFO - django.server [P5857]: "GET /admin/management/ HTTP/1.1" 200 2697
[2018-02-03 17:21:51,088] - INFO - django.server [P5857]: "GET /admin/management/product/ HTTP/1.1" 200 6259
[2018-02-03 17:21:51,107] - INFO - django.server [P5857]: "GET /admin/jsi18n/ HTTP/1.1" 200 3189
[2018-02-03 17:29:02,881] - INFO - django.server [P5857]: "GET /admin/management/product/add/ HTTP/1.1" 200 10814
[2018-02-03 17:29:02,905] - INFO - django.server [P5857]: "GET /admin/jsi18n/ HTTP/1.1" 200 3189
[2018-02-03 17:29:35,044] - INFO - django.server [P5857]: "POST /admin/management/product/add/ HTTP/1.1" 302 0
[2018-02-03 17:29:35,093] - INFO - django.server [P5857]: "GET /admin/management/product/ HTTP/1.1" 200 9070
[2018-02-03 17:29:35,118] - INFO - django.server [P5857]: "GET /admin/jsi18n/ HTTP/1.1" 200 3189
[2018-02-03 17:31:57,132] - INFO - django.server [P5857]: "GET /admin/management/product/ HTTP/1.1" 200 8853
[2018-02-03 17:31:57,201] - INFO - django.server [P5857]: "GET /admin/jsi18n/ HTTP/1.1" 200 3189
[2018-02-03 18:05:26,872] - WARNING - django.request [P8453]: Not Found: /
[2018-02-03 18:05:26,874] - WARNING - django.server [P8453]: "GET / HTTP/1.1" 404 2027
[2018-02-03 18:05:35,229] - INFO - django.server [P8453]: "GET /management HTTP/1.1" 301 0
[2018-02-03 18:05:35,248] - INFO - django.server [P8453]: "GET /management/ HTTP/1.1" 200 8
[2018-02-03 18:07:36,631] - INFO - django.server [P8453]: "GET /management/ HTTP/1.1" 200 8
[2018-02-03 18:07:41,958] - INFO - django.server [P8453]: "GET /management/ HTTP/1.1" 200 8
[2018-02-03 18:07:43,782] - INFO - django.server [P8453]: "GET /management/ HTTP/1.1" 200 8
[2018-02-03 18:08:02,886] - INFO - django.server [P8605]: "GET /management/ HTTP/1.1" 200 8
[2018-02-03 18:08:29,154] - INFO - django.server [P8605]: "GET /management/ HTTP/1.1" 200 8
[2018-02-03 18:10:28,758] - INFO - django.server [P8605]: "GET /management/ HTTP/1.1" 200 8
[2018-02-03 18:48:20,424] - INFO - django.server [P9460]: "GET /management/ HTTP/1.1" 200 8
[2018-02-03 18:49:12,196] - INFO - django.server [P9489]: "GET /management/ HTTP/1.1" 200 8
[2018-02-03 19:34:19,626] - ERROR - django.request [P10754]: Internal Server Error: /management/
Traceback (most recent call last):
  File "/home/cky/vp35/lib/python3.5/site-packages/django/core/handlers/exception.py", line 41, in inner
    response = get_response(request)
  File "/home/cky/vp35/lib/python3.5/site-packages/django/core/handlers/base.py", line 187, in _get_response
    response = self.process_exception_by_middleware(e, request)
  File "/home/cky/vp35/lib/python3.5/site-packages/django/core/handlers/base.py", line 185, in _get_response
    response = wrapped_callback(request, *callback_args, **callback_kwargs)
  File "/home/cky/vp35/lib/python3.5/site-packages/django/contrib/auth/decorators.py", line 23, in _wrapped_view
    return view_func(request, *args, **kwargs)
  File "/home/cky/project/syndicator/management/views.py", line 12, in index
    cron_job.do()
  File "/home/cky/project/syndicator/management/cron.py", line 37, in do
    eventbrite_poster.post_product(product)
  File "/home/cky/project/syndicator/management/cron.py", line 66, in post_product
    response = requests.post(url=url, header=header, data=payload, verify=True)
  File "/home/cky/vp35/lib/python3.5/site-packages/requests/api.py", line 112, in post
    return request('post', url, data=data, json=json, **kwargs)
  File "/home/cky/vp35/lib/python3.5/site-packages/requests/api.py", line 58, in request
    return session.request(method=method, url=url, **kwargs)
TypeError: request() got an unexpected keyword argument 'header'
[2018-02-03 19:34:19,671] - ERROR - django.server [P10754]: "GET /management/ HTTP/1.1" 500 95587
[2018-02-03 19:36:18,696] - ERROR - django.request [P10819]: Internal Server Error: /management/
Traceback (most recent call last):
  File "/home/cky/vp35/lib/python3.5/site-packages/django/core/handlers/exception.py", line 41, in inner
    response = get_response(request)
  File "/home/cky/vp35/lib/python3.5/site-packages/django/core/handlers/base.py", line 187, in _get_response
    response = self.process_exception_by_middleware(e, request)
  File "/home/cky/vp35/lib/python3.5/site-packages/django/core/handlers/base.py", line 185, in _get_response
    response = wrapped_callback(request, *callback_args, **callback_kwargs)
  File "/home/cky/vp35/lib/python3.5/site-packages/django/contrib/auth/decorators.py", line 23, in _wrapped_view
    return view_func(request, *args, **kwargs)
  File "/home/cky/project/syndicator/management/views.py", line 12, in index
    cron_job.do()
  File "/home/cky/project/syndicator/management/cron.py", line 37, in do
    eventbrite_poster.post_product(product)
  File "/home/cky/project/syndicator/management/cron.py", line 69, in post_product
    print(response.data)
AttributeError: 'Response' object has no attribute 'data'
[2018-02-03 19:36:18,742] - ERROR - django.server [P10819]: "GET /management/ HTTP/1.1" 500 85764
[2018-02-03 19:37:59,903] - INFO - django.server [P10918]: "GET /management/ HTTP/1.1" 200 8
[2018-02-03 19:41:16,842] - ERROR - django.request [P10984]: Internal Server Error: /management/
Traceback (most recent call last):
  File "/home/cky/vp35/lib/python3.5/site-packages/django/core/handlers/exception.py", line 41, in inner
    response = get_response(request)
  File "/home/cky/vp35/lib/python3.5/site-packages/django/core/handlers/base.py", line 187, in _get_response
    response = self.process_exception_by_middleware(e, request)
  File "/home/cky/vp35/lib/python3.5/site-packages/django/core/handlers/base.py", line 185, in _get_response
    response = wrapped_callback(request, *callback_args, **callback_kwargs)
  File "/home/cky/vp35/lib/python3.5/site-packages/django/contrib/auth/decorators.py", line 23, in _wrapped_view
    return view_func(request, *args, **kwargs)
  File "/home/cky/project/syndicator/management/views.py", line 12, in index
    cron_job.do()
  File "/home/cky/project/syndicator/management/cron.py", line 37, in do
    eventbrite_poster.post_product(product)
  File "/home/cky/project/syndicator/management/cron.py", line 58, in post_product
    print(product.start_time.UTC)
AttributeError: 'datetime.datetime' object has no attribute 'UTC'
[2018-02-03 19:41:16,884] - ERROR - django.server [P10984]: "GET /management/ HTTP/1.1" 500 85683
[2018-02-03 19:43:00,707] - INFO - django.server [P11069]: "GET /management/ HTTP/1.1" 200 8
[2018-02-03 19:43:45,864] - INFO - django.server [P11094]: "GET /management/ HTTP/1.1" 200 8
[2018-02-03 19:44:32,275] - INFO - django.server [P11133]: "GET /management/ HTTP/1.1" 200 8
[2018-02-03 19:44:55,630] - INFO - django.server [P11157]: "GET /management/ HTTP/1.1" 200 8
[2018-02-03 19:47:11,420] - INFO - django.server [P11256]: "GET /management/ HTTP/1.1" 200 8
[2018-02-03 20:01:30,974] - INFO - django.server [P11661]: "GET /management/ HTTP/1.1" 200 8
[2018-02-03 20:01:48,180] - INFO - django.server [P11661]: "GET /admin/management/product/ HTTP/1.1" 200 8853
[2018-02-03 20:01:48,192] - INFO - django.server [P11661]: "GET /static/admin/css/base.css HTTP/1.1" 304 0
[2018-02-03 20:01:48,192] - INFO - django.server [P11661]: "GET /static/admin/css/changelists.css HTTP/1.1" 304 0
[2018-02-03 20:01:48,196] - INFO - django.server [P11661]: "GET /static/admin/js/core.js HTTP/1.1" 304 0
[2018-02-03 20:01:48,196] - INFO - django.server [P11661]: "GET /static/admin/js/vendor/jquery/jquery.js HTTP/1.1" 304 0
[2018-02-03 20:01:48,198] - INFO - django.server [P11661]: "GET /static/admin/js/jquery.init.js HTTP/1.1" 304 0
[2018-02-03 20:01:48,199] - INFO - django.server [P11661]: "GET /static/admin/js/admin/RelatedObjectLookups.js HTTP/1.1" 304 0
[2018-02-03 20:01:48,200] - INFO - django.server [P11661]: "GET /static/admin/js/actions.js HTTP/1.1" 304 0
[2018-02-03 20:01:48,205] - INFO - django.server [P11661]: "GET /admin/jsi18n/ HTTP/1.1" 200 3189
[2018-02-03 20:01:48,207] - INFO - django.server [P11661]: "GET /static/admin/css/fonts.css HTTP/1.1" 304 0
[2018-02-03 20:01:48,207] - INFO - django.server [P11661]: "GET /static/admin/js/urlify.js HTTP/1.1" 304 0
[2018-02-03 20:01:48,207] - INFO - django.server [P11661]: "GET /static/admin/js/vendor/xregexp/xregexp.js HTTP/1.1" 304 0
[2018-02-03 20:01:48,207] - INFO - django.server [P11661]: "GET /static/admin/js/prepopulate.js HTTP/1.1" 304 0
[2018-02-03 20:01:48,217] - INFO - django.server [P11661]: "GET /static/admin/img/search.svg HTTP/1.1" 304 0
[2018-02-03 20:01:48,220] - INFO - django.server [P11661]: "GET /static/admin/img/icon-yes.svg HTTP/1.1" 304 0
[2018-02-03 20:01:48,229] - INFO - django.server [P11661]: "GET /static/admin/fonts/Roboto-Light-webfont.woff HTTP/1.1" 304 0
[2018-02-03 20:01:48,230] - INFO - django.server [P11661]: "GET /static/admin/fonts/Roboto-Bold-webfont.woff HTTP/1.1" 304 0
[2018-02-03 20:01:48,236] - INFO - django.server [P11661]: "GET /static/admin/fonts/Roboto-Regular-webfont.woff HTTP/1.1" 304 0
[2018-02-03 20:01:48,236] - INFO - django.server [P11661]: "GET /static/admin/img/tooltag-add.svg HTTP/1.1" 304 0
[2018-02-03 20:01:53,277] - INFO - django.server [P11661]: "GET /management/ HTTP/1.1" 200 8
[2018-02-03 20:07:46,357] - INFO - django.server [P11919]: "GET /admin/management/product/add/ HTTP/1.1" 200 10814
[2018-02-03 20:07:46,371] - INFO - django.server [P11919]: "GET /static/admin/css/forms.css HTTP/1.1" 304 0
[2018-02-03 20:07:46,372] - INFO - django.server [P11919]: "GET /static/admin/js/calendar.js HTTP/1.1" 304 0
[2018-02-03 20:07:46,377] - INFO - django.server [P11919]: "GET /static/admin/js/admin/DateTimeShortcuts.js HTTP/1.1" 304 0
[2018-02-03 20:07:46,379] - INFO - django.server [P11919]: "GET /static/admin/js/collapse.js HTTP/1.1" 304 0
[2018-02-03 20:07:46,381] - INFO - django.server [P11919]: "GET /static/admin/js/change_form.js HTTP/1.1" 304 0
[2018-02-03 20:07:46,383] - INFO - django.server [P11919]: "GET /static/admin/css/widgets.css HTTP/1.1" 304 0
[2018-02-03 20:07:46,388] - INFO - django.server [P11919]: "GET /admin/jsi18n/ HTTP/1.1" 200 3189
[2018-02-03 20:07:46,396] - INFO - django.server [P11919]: "GET /static/admin/js/prepopulate_init.js HTTP/1.1" 304 0
[2018-02-03 20:07:46,398] - INFO - django.server [P11919]: "GET /static/admin/img/icon-changelink.svg HTTP/1.1" 304 0
[2018-02-03 20:07:46,400] - INFO - django.server [P11919]: "GET /static/admin/img/icon-addlink.svg HTTP/1.1" 304 0
[2018-02-03 20:07:46,402] - INFO - django.server [P11919]: "GET /static/admin/img/icon-deletelink.svg HTTP/1.1" 304 0
[2018-02-03 20:07:46,431] - INFO - django.server [P11919]: "GET /static/admin/img/icon-clock.svg HTTP/1.1" 304 0
[2018-02-03 20:07:46,431] - INFO - django.server [P11919]: "GET /static/admin/img/icon-calendar.svg HTTP/1.1" 304 0
[2018-02-03 20:08:02,872] - INFO - django.server [P11919]: "POST /admin/management/product/add/ HTTP/1.1" 302 0
[2018-02-03 20:08:02,923] - INFO - django.server [P11919]: "GET /admin/management/product/ HTTP/1.1" 200 9760
[2018-02-03 20:08:02,936] - INFO - django.server [P11919]: "GET /static/admin/img/icon-no.svg HTTP/1.1" 304 0
[2018-02-03 20:08:02,943] - INFO - django.server [P11919]: "GET /admin/jsi18n/ HTTP/1.1" 200 3189
[2018-02-03 20:09:23,841] - INFO - django.server [P11919]: "GET /admin/management/product/ HTTP/1.1" 200 9543
[2018-02-03 20:09:23,862] - INFO - django.server [P11919]: "GET /admin/jsi18n/ HTTP/1.1" 200 3189
[2018-02-03 22:09:26,244] - INFO - django.server [P14598]: "GET /admin/management/product/ HTTP/1.1" 200 9543
[2018-02-03 22:09:26,257] - INFO - django.server [P14598]: "GET /static/admin/css/base.css HTTP/1.1" 304 0
[2018-02-03 22:09:26,263] - INFO - django.server [P14598]: "GET /static/admin/js/core.js HTTP/1.1" 304 0
[2018-02-03 22:09:26,263] - INFO - django.server [P14598]: "GET /static/admin/css/changelists.css HTTP/1.1" 304 0
[2018-02-03 22:09:26,264] - INFO - django.server [P14598]: "GET /static/admin/js/vendor/jquery/jquery.js HTTP/1.1" 304 0
[2018-02-03 22:09:26,265] - INFO - django.server [P14598]: "GET /static/admin/js/jquery.init.js HTTP/1.1" 304 0
[2018-02-03 22:09:26,270] - INFO - django.server [P14598]: "GET /admin/jsi18n/ HTTP/1.1" 200 3189
[2018-02-03 22:09:26,278] - INFO - django.server [P14598]: "GET /static/admin/js/admin/RelatedObjectLookups.js HTTP/1.1" 304 0
[2018-02-03 22:09:26,281] - INFO - django.server [P14598]: "GET /static/admin/js/actions.js HTTP/1.1" 304 0
[2018-02-03 22:09:26,280] - INFO - django.server [P14598]: "GET /static/admin/js/urlify.js HTTP/1.1" 304 0
[2018-02-03 22:09:26,283] - INFO - django.server [P14598]: "GET /static/admin/js/prepopulate.js HTTP/1.1" 304 0
[2018-02-03 22:09:26,284] - INFO - django.server [P14598]: "GET /static/admin/js/vendor/xregexp/xregexp.js HTTP/1.1" 304 0
[2018-02-03 22:09:26,285] - INFO - django.server [P14598]: "GET /static/admin/css/fonts.css HTTP/1.1" 304 0
[2018-02-03 22:09:26,286] - INFO - django.server [P14598]: "GET /static/admin/img/search.svg HTTP/1.1" 304 0
[2018-02-03 22:09:26,296] - INFO - django.server [P14598]: "GET /static/admin/img/icon-yes.svg HTTP/1.1" 304 0
[2018-02-03 22:09:26,306] - INFO - django.server [P14598]: "GET /static/admin/fonts/Roboto-Light-webfont.woff HTTP/1.1" 304 0
[2018-02-03 22:09:26,308] - INFO - django.server [P14598]: "GET /static/admin/fonts/Roboto-Bold-webfont.woff HTTP/1.1" 304 0
[2018-02-03 22:09:26,309] - INFO - django.server [P14598]: "GET /static/admin/fonts/Roboto-Regular-webfont.woff HTTP/1.1" 304 0
[2018-02-03 22:09:26,312] - INFO - django.server [P14598]: "GET /static/admin/img/tooltag-add.svg HTTP/1.1" 304 0
[2018-02-03 22:09:29,475] - INFO - django.server [P14598]: "GET /management/ HTTP/1.1" 200 9
[2018-02-03 22:09:58,125] - INFO - django.server [P14598]: "GET /admin/management/product/add/ HTTP/1.1" 200 10814
[2018-02-03 22:09:58,146] - INFO - django.server [P14598]: "GET /static/admin/css/forms.css HTTP/1.1" 304 0
[2018-02-03 22:09:58,147] - INFO - django.server [P14598]: "GET /static/admin/js/admin/DateTimeShortcuts.js HTTP/1.1" 304 0
[2018-02-03 22:09:58,149] - INFO - django.server [P14598]: "GET /static/admin/js/calendar.js HTTP/1.1" 304 0
[2018-02-03 22:09:58,150] - INFO - django.server [P14598]: "GET /static/admin/js/collapse.js HTTP/1.1" 304 0
[2018-02-03 22:09:58,151] - INFO - django.server [P14598]: "GET /static/admin/css/widgets.css HTTP/1.1" 304 0
[2018-02-03 22:09:58,154] - INFO - django.server [P14598]: "GET /static/admin/js/change_form.js HTTP/1.1" 304 0
[2018-02-03 22:09:58,161] - INFO - django.server [P14598]: "GET /admin/jsi18n/ HTTP/1.1" 200 3189
[2018-02-03 22:09:58,162] - INFO - django.server [P14598]: "GET /static/admin/js/prepopulate_init.js HTTP/1.1" 304 0
[2018-02-03 22:09:58,166] - INFO - django.server [P14598]: "GET /static/admin/img/icon-changelink.svg HTTP/1.1" 304 0
[2018-02-03 22:09:58,169] - INFO - django.server [P14598]: "GET /static/admin/img/icon-addlink.svg HTTP/1.1" 304 0
[2018-02-03 22:09:58,172] - INFO - django.server [P14598]: "GET /static/admin/img/icon-deletelink.svg HTTP/1.1" 304 0
[2018-02-03 22:09:58,201] - INFO - django.server [P14598]: "GET /static/admin/img/icon-clock.svg HTTP/1.1" 304 0
[2018-02-03 22:09:58,202] - INFO - django.server [P14598]: "GET /static/admin/img/icon-calendar.svg HTTP/1.1" 304 0
[2018-02-03 22:10:15,789] - INFO - django.server [P14598]: "POST /admin/management/product/add/ HTTP/1.1" 302 0
[2018-02-03 22:10:15,839] - INFO - django.server [P14598]: "GET /admin/management/product/ HTTP/1.1" 200 10451
[2018-02-03 22:10:15,857] - INFO - django.server [P14598]: "GET /static/admin/img/icon-no.svg HTTP/1.1" 304 0
[2018-02-03 22:10:15,864] - INFO - django.server [P14598]: "GET /admin/jsi18n/ HTTP/1.1" 200 3189
[2018-02-03 22:10:20,295] - ERROR - django.request [P14598]: Internal Server Error: /management/
Traceback (most recent call last):
  File "/home/cky/vp35/lib/python3.5/site-packages/django/core/handlers/exception.py", line 41, in inner
    response = get_response(request)
  File "/home/cky/vp35/lib/python3.5/site-packages/django/core/handlers/base.py", line 187, in _get_response
    response = self.process_exception_by_middleware(e, request)
  File "/home/cky/vp35/lib/python3.5/site-packages/django/core/handlers/base.py", line 185, in _get_response
    response = wrapped_callback(request, *callback_args, **callback_kwargs)
  File "/home/cky/vp35/lib/python3.5/site-packages/django/contrib/auth/decorators.py", line 23, in _wrapped_view
    return view_func(request, *args, **kwargs)
  File "/home/cky/project/syndicator/management/views.py", line 11, in index
    cron_job.do()
  File "/home/cky/project/syndicator/management/cron.py", line 24, in do
    status = eventbrite_poster.post_product(product)
  File "/home/cky/project/syndicator/management/poster.py", line 25, in post_product
    print(settings.eventbrite_token)
  File "/home/cky/vp35/lib/python3.5/site-packages/django/conf/__init__.py", line 57, in __getattr__
    val = getattr(self._wrapped, name)
AttributeError: 'Settings' object has no attribute 'eventbrite_token'
[2018-02-03 22:10:20,339] - ERROR - django.server [P14598]: "GET /management/ HTTP/1.1" 500 89121
[2018-02-03 22:12:00,713] - ERROR - django.request [P14598]: Internal Server Error: /management/
Traceback (most recent call last):
  File "/home/cky/vp35/lib/python3.5/site-packages/django/core/handlers/exception.py", line 41, in inner
    response = get_response(request)
  File "/home/cky/vp35/lib/python3.5/site-packages/django/core/handlers/base.py", line 187, in _get_response
    response = self.process_exception_by_middleware(e, request)
  File "/home/cky/vp35/lib/python3.5/site-packages/django/core/handlers/base.py", line 185, in _get_response
    response = wrapped_callback(request, *callback_args, **callback_kwargs)
  File "/home/cky/vp35/lib/python3.5/site-packages/django/contrib/auth/decorators.py", line 23, in _wrapped_view
    return view_func(request, *args, **kwargs)
  File "/home/cky/project/syndicator/management/views.py", line 11, in index
    cron_job.do()
  File "/home/cky/project/syndicator/management/cron.py", line 24, in do
    status = eventbrite_poster.post_product(product)
  File "/home/cky/project/syndicator/management/poster.py", line 25, in post_product
    print(settings.eventbrite_token)
  File "/home/cky/vp35/lib/python3.5/site-packages/django/conf/__init__.py", line 57, in __getattr__
    val = getattr(self._wrapped, name)
AttributeError: 'Settings' object has no attribute 'eventbrite_token'
[2018-02-03 22:12:00,754] - ERROR - django.server [P14598]: "GET /management/ HTTP/1.1" 500 89121
[2018-02-03 22:13:43,173] - ERROR - django.request [P14838]: Internal Server Error: /management/
Traceback (most recent call last):
  File "/home/cky/vp35/lib/python3.5/site-packages/django/core/handlers/exception.py", line 41, in inner
    response = get_response(request)
  File "/home/cky/vp35/lib/python3.5/site-packages/django/core/handlers/base.py", line 187, in _get_response
    response = self.process_exception_by_middleware(e, request)
  File "/home/cky/vp35/lib/python3.5/site-packages/django/core/handlers/base.py", line 185, in _get_response
    response = wrapped_callback(request, *callback_args, **callback_kwargs)
  File "/home/cky/vp35/lib/python3.5/site-packages/django/contrib/auth/decorators.py", line 23, in _wrapped_view
    return view_func(request, *args, **kwargs)
  File "/home/cky/project/syndicator/management/views.py", line 11, in index
    cron_job.do()
  File "/home/cky/project/syndicator/management/cron.py", line 24, in do
    status = eventbrite_poster.post_product(product)
  File "/home/cky/project/syndicator/management/poster.py", line 25, in post_product
    print(settings.eventbrite_token)
  File "/home/cky/vp35/lib/python3.5/site-packages/django/conf/__init__.py", line 57, in __getattr__
    val = getattr(self._wrapped, name)
AttributeError: 'Settings' object has no attribute 'eventbrite_token'
[2018-02-03 22:13:43,216] - ERROR - django.server [P14838]: "GET /management/ HTTP/1.1" 500 89121
[2018-02-03 22:14:33,553] - ERROR - django.request [P14881]: Internal Server Error: /management/
Traceback (most recent call last):
  File "/home/cky/vp35/lib/python3.5/site-packages/django/core/handlers/exception.py", line 41, in inner
    response = get_response(request)
  File "/home/cky/vp35/lib/python3.5/site-packages/django/core/handlers/base.py", line 187, in _get_response
    response = self.process_exception_by_middleware(e, request)
  File "/home/cky/vp35/lib/python3.5/site-packages/django/core/handlers/base.py", line 185, in _get_response
    response = wrapped_callback(request, *callback_args, **callback_kwargs)
  File "/home/cky/vp35/lib/python3.5/site-packages/django/contrib/auth/decorators.py", line 23, in _wrapped_view
    return view_func(request, *args, **kwargs)
  File "/home/cky/project/syndicator/management/views.py", line 11, in index
    cron_job.do()
  File "/home/cky/project/syndicator/management/cron.py", line 24, in do
    status = eventbrite_poster.post_product(product)
  File "/home/cky/project/syndicator/management/poster.py", line 25, in post_product
    print(settings.eventbrite_token)
  File "/home/cky/vp35/lib/python3.5/site-packages/django/conf/__init__.py", line 57, in __getattr__
    val = getattr(self._wrapped, name)
AttributeError: 'Settings' object has no attribute 'eventbrite_token'
[2018-02-03 22:14:33,595] - ERROR - django.server [P14881]: "GET /management/ HTTP/1.1" 500 89265
[2018-02-03 22:14:38,512] - ERROR - django.request [P14881]: Internal Server Error: /management/
Traceback (most recent call last):
  File "/home/cky/vp35/lib/python3.5/site-packages/django/core/handlers/exception.py", line 41, in inner
    response = get_response(request)
  File "/home/cky/vp35/lib/python3.5/site-packages/django/core/handlers/base.py", line 187, in _get_response
    response = self.process_exception_by_middleware(e, request)
  File "/home/cky/vp35/lib/python3.5/site-packages/django/core/handlers/base.py", line 185, in _get_response
    response = wrapped_callback(request, *callback_args, **callback_kwargs)
  File "/home/cky/vp35/lib/python3.5/site-packages/django/contrib/auth/decorators.py", line 23, in _wrapped_view
    return view_func(request, *args, **kwargs)
  File "/home/cky/project/syndicator/management/views.py", line 11, in index
    cron_job.do()
  File "/home/cky/project/syndicator/management/cron.py", line 24, in do
    status = eventbrite_poster.post_product(product)
  File "/home/cky/project/syndicator/management/poster.py", line 25, in post_product
    print(settings.eventbrite_token)
  File "/home/cky/vp35/lib/python3.5/site-packages/django/conf/__init__.py", line 57, in __getattr__
    val = getattr(self._wrapped, name)
AttributeError: 'Settings' object has no attribute 'eventbrite_token'
[2018-02-03 22:14:38,555] - ERROR - django.server [P14881]: "GET /management/ HTTP/1.1" 500 89265
[2018-02-03 22:14:40,605] - ERROR - django.request [P14881]: Internal Server Error: /management/
Traceback (most recent call last):
  File "/home/cky/vp35/lib/python3.5/site-packages/django/core/handlers/exception.py", line 41, in inner
    response = get_response(request)
  File "/home/cky/vp35/lib/python3.5/site-packages/django/core/handlers/base.py", line 187, in _get_response
    response = self.process_exception_by_middleware(e, request)
  File "/home/cky/vp35/lib/python3.5/site-packages/django/core/handlers/base.py", line 185, in _get_response
    response = wrapped_callback(request, *callback_args, **callback_kwargs)
  File "/home/cky/vp35/lib/python3.5/site-packages/django/contrib/auth/decorators.py", line 23, in _wrapped_view
    return view_func(request, *args, **kwargs)
  File "/home/cky/project/syndicator/management/views.py", line 11, in index
    cron_job.do()
  File "/home/cky/project/syndicator/management/cron.py", line 24, in do
    status = eventbrite_poster.post_product(product)
  File "/home/cky/project/syndicator/management/poster.py", line 25, in post_product
    print(settings.eventbrite_token)
  File "/home/cky/vp35/lib/python3.5/site-packages/django/conf/__init__.py", line 57, in __getattr__
    val = getattr(self._wrapped, name)
AttributeError: 'Settings' object has no attribute 'eventbrite_token'
[2018-02-03 22:14:40,645] - ERROR - django.server [P14881]: "GET /management/ HTTP/1.1" 500 89265
[2018-02-03 22:14:46,724] - ERROR - django.request [P14906]: Internal Server Error: /management/
Traceback (most recent call last):
  File "/home/cky/vp35/lib/python3.5/site-packages/django/core/handlers/exception.py", line 41, in inner
    response = get_response(request)
  File "/home/cky/vp35/lib/python3.5/site-packages/django/core/handlers/base.py", line 187, in _get_response
    response = self.process_exception_by_middleware(e, request)
  File "/home/cky/vp35/lib/python3.5/site-packages/django/core/handlers/base.py", line 185, in _get_response
    response = wrapped_callback(request, *callback_args, **callback_kwargs)
  File "/home/cky/vp35/lib/python3.5/site-packages/django/contrib/auth/decorators.py", line 23, in _wrapped_view
    return view_func(request, *args, **kwargs)
  File "/home/cky/project/syndicator/management/views.py", line 11, in index
    cron_job.do()
  File "/home/cky/project/syndicator/management/cron.py", line 24, in do
    status = eventbrite_poster.post_product(product)
  File "/home/cky/project/syndicator/management/poster.py", line 25, in post_product
    print(settings.eventbrite_token)
  File "/home/cky/vp35/lib/python3.5/site-packages/django/conf/__init__.py", line 57, in __getattr__
    val = getattr(self._wrapped, name)
AttributeError: 'Settings' object has no attribute 'eventbrite_token'
[2018-02-03 22:14:46,767] - ERROR - django.server [P14906]: "GET /management/ HTTP/1.1" 500 89265
[2018-02-03 22:15:04,396] - INFO - django.server [P14931]: "GET /management/ HTTP/1.1" 200 9
[2018-02-03 22:16:02,320] - INFO - django.server [P14972]: "GET /management/ HTTP/1.1" 200 9
[2018-02-03 22:16:14,904] - INFO - django.server [P14972]: "GET /admin/management/product/add/ HTTP/1.1" 200 10814
[2018-02-03 22:16:14,925] - INFO - django.server [P14972]: "GET /admin/jsi18n/ HTTP/1.1" 200 3189
[2018-02-03 22:16:29,301] - INFO - django.server [P14972]: "POST /admin/management/product/add/ HTTP/1.1" 302 0
[2018-02-03 22:16:29,359] - INFO - django.server [P14972]: "GET /admin/management/product/ HTTP/1.1" 200 11142
[2018-02-03 22:16:29,380] - INFO - django.server [P14972]: "GET /admin/jsi18n/ HTTP/1.1" 200 3189
[2018-02-03 22:19:08,364] - INFO - django.server [P14972]: "GET /admin/management/product/ HTTP/1.1" 200 10925
[2018-02-03 22:19:08,383] - INFO - django.server [P14972]: "GET /admin/jsi18n/ HTTP/1.1" 200 3189
[2018-02-03 22:22:50,670] - INFO - django.server [P15099]: "GET /admin/management/product/ HTTP/1.1" 200 10925
[2018-02-03 22:22:50,689] - INFO - django.server [P15099]: "GET /admin/jsi18n/ HTTP/1.1" 200 3189
[2018-02-03 22:30:31,620] - INFO - django.server [P15099]: "GET /admin/management/ HTTP/1.1" 200 2697
[2018-02-03 22:30:31,630] - INFO - django.server [P15099]: "GET /static/admin/css/dashboard.css HTTP/1.1" 304 0
[2018-02-03 22:30:32,914] - INFO - django.server [P15099]: "GET /admin/management/product/ HTTP/1.1" 200 10925
[2018-02-03 22:30:32,933] - INFO - django.server [P15099]: "GET /admin/jsi18n/ HTTP/1.1" 200 3189
[2018-02-03 22:30:34,759] - INFO - django.server [P15099]: "GET /admin/management/product/add/ HTTP/1.1" 200 10814
[2018-02-03 22:30:34,779] - INFO - django.server [P15099]: "GET /admin/jsi18n/ HTTP/1.1" 200 3189
[2018-02-03 22:30:51,618] - INFO - django.server [P15099]: "POST /admin/management/product/add/ HTTP/1.1" 302 0
[2018-02-03 22:30:51,673] - INFO - django.server [P15099]: "GET /admin/management/product/ HTTP/1.1" 200 11833
[2018-02-03 22:30:51,694] - INFO - django.server [P15099]: "GET /admin/jsi18n/ HTTP/1.1" 200 3189
[2018-02-04 00:07:34,122] - WARNING - django.request [P17908]: Not Found: /management/
[2018-02-04 00:07:34,123] - WARNING - django.server [P17908]: "GET /management/ HTTP/1.1" 404 2144
[2018-02-04 00:07:45,159] - WARNING - django.request [P17925]: Not Found: /management/
[2018-02-04 00:07:45,159] - WARNING - django.server [P17925]: "GET /management/ HTTP/1.1" 404 2143
[2018-02-04 00:07:50,958] - INFO - django.server [P17925]: "GET /management/run HTTP/1.1" 200 9
[2018-02-04 00:08:43,178] - INFO - django.server [P17925]: "GET /admin/management/product/ HTTP/1.1" 200 11616
[2018-02-04 00:08:43,197] - INFO - django.server [P17925]: "GET /admin/jsi18n/ HTTP/1.1" 200 3189
[2018-02-04 00:14:34,343] - WARNING - django.request [P18177]: Not Found: /management/check_eventbrite_events$
[2018-02-04 00:14:34,344] - WARNING - django.server [P18177]: "GET /management/check_eventbrite_events$ HTTP/1.1" 404 2413
[2018-02-04 00:14:39,378] - ERROR - django.request [P18177]: Internal Server Error: /management/check_eventbrite_events
Traceback (most recent call last):
  File "/home/cky/vp35/lib/python3.5/site-packages/django/core/handlers/exception.py", line 41, in inner
    response = get_response(request)
  File "/home/cky/vp35/lib/python3.5/site-packages/django/core/handlers/base.py", line 187, in _get_response
    response = self.process_exception_by_middleware(e, request)
  File "/home/cky/vp35/lib/python3.5/site-packages/django/core/handlers/base.py", line 185, in _get_response
    response = wrapped_callback(request, *callback_args, **callback_kwargs)
  File "/home/cky/vp35/lib/python3.5/site-packages/django/contrib/auth/decorators.py", line 23, in _wrapped_view
    return view_func(request, *args, **kwargs)
  File "/home/cky/project/syndicator/management/views.py", line 34, in eventbrite_events
    response = requests.get(url=url, verify=True)
  File "/home/cky/vp35/lib/python3.5/site-packages/requests/api.py", line 72, in get
    return request('get', url, params=params, **kwargs)
  File "/home/cky/vp35/lib/python3.5/site-packages/requests/api.py", line 58, in request
    return session.request(method=method, url=url, **kwargs)
  File "/home/cky/vp35/lib/python3.5/site-packages/requests/sessions.py", line 494, in request
    prep = self.prepare_request(req)
  File "/home/cky/vp35/lib/python3.5/site-packages/requests/sessions.py", line 437, in prepare_request
    hooks=merge_hooks(request.hooks, self.hooks),
  File "/home/cky/vp35/lib/python3.5/site-packages/requests/models.py", line 305, in prepare
    self.prepare_url(url, params)
  File "/home/cky/vp35/lib/python3.5/site-packages/requests/models.py", line 379, in prepare_url
    raise MissingSchema(error)
requests.exceptions.MissingSchema: Invalid URL 'w.eventbriteapi.com/v3/users/me/owned_events/?token=H75KJFJOQXM2XBZLVGOE': No schema supplied. Perhaps you meant http://w.eventbriteapi.com/v3/users/me/owned_events/?token=H75KJFJOQXM2XBZLVGOE?
[2018-02-04 00:14:39,430] - ERROR - django.server [P18177]: "GET /management/check_eventbrite_events HTTP/1.1" 500 109682
[2018-02-04 00:15:11,672] - INFO - django.server [P18265]: "GET /management/check_eventbrite_events HTTP/1.1" 200 16
[2018-02-04 00:16:22,930] - INFO - django.server [P18296]: "GET /management/check_eventbrite_events HTTP/1.1" 200 3
[2018-02-04 00:16:57,684] - INFO - django.server [P18367]: "GET /management/check_eventbrite_events HTTP/1.1" 200 9030
[2018-02-04 00:56:50,059] - INFO - django.server [P19530]: "GET /admin/ HTTP/1.1" 302 0
[2018-02-04 00:56:50,082] - INFO - django.server [P19530]: "GET /admin/login/?next=/admin/ HTTP/1.1" 200 1650
[2018-02-04 00:56:50,093] - INFO - django.server [P19530]: "GET /static/admin/css/base.css HTTP/1.1" 304 0
[2018-02-04 00:56:50,094] - INFO - django.server [P19530]: "GET /static/admin/css/login.css HTTP/1.1" 304 0
[2018-02-04 00:56:50,103] - INFO - django.server [P19530]: "GET /static/admin/css/fonts.css HTTP/1.1" 304 0
[2018-02-04 00:56:50,107] - INFO - django.server [P19530]: "GET /static/admin/fonts/Roboto-Regular-webfont.woff HTTP/1.1" 304 0
[2018-02-04 00:56:50,108] - INFO - django.server [P19530]: "GET /static/admin/fonts/Roboto-Light-webfont.woff HTTP/1.1" 304 0
[2018-02-04 00:56:57,916] - INFO - django.server [P19530]: "POST /admin/login/?next=/admin/ HTTP/1.1" 302 0
[2018-02-04 00:56:57,933] - INFO - django.server [P19530]: "GET /admin/ HTTP/1.1" 200 4587
[2018-02-04 00:56:57,943] - INFO - django.server [P19530]: "GET /static/admin/css/dashboard.css HTTP/1.1" 304 0
[2018-02-04 00:56:57,946] - INFO - django.server [P19530]: "GET /static/admin/fonts/Roboto-Bold-webfont.woff HTTP/1.1" 304 0
[2018-02-04 00:56:57,947] - INFO - django.server [P19530]: "GET /static/admin/img/icon-addlink.svg HTTP/1.1" 304 0
[2018-02-04 00:56:57,948] - INFO - django.server [P19530]: "GET /static/admin/img/icon-changelink.svg HTTP/1.1" 304 0
[2018-02-04 00:57:00,419] - INFO - django.server [P19530]: "GET /admin/management/product/ HTTP/1.1" 200 6098
[2018-02-04 00:57:00,440] - INFO - django.server [P19530]: "GET /admin/jsi18n/ HTTP/1.1" 200 3189
[2018-02-04 00:57:00,440] - INFO - django.server [P19530]: "GET /static/admin/js/vendor/jquery/jquery.js HTTP/1.1" 304 0
[2018-02-04 00:57:00,441] - INFO - django.server [P19530]: "GET /static/admin/js/core.js HTTP/1.1" 304 0
[2018-02-04 00:57:00,442] - INFO - django.server [P19530]: "GET /static/admin/css/changelists.css HTTP/1.1" 304 0
[2018-02-04 00:57:00,442] - INFO - django.server [P19530]: "GET /static/admin/js/jquery.init.js HTTP/1.1" 304 0
[2018-02-04 00:57:00,443] - INFO - django.server [P19530]: "GET /static/admin/js/admin/RelatedObjectLookups.js HTTP/1.1" 304 0
[2018-02-04 00:57:00,444] - INFO - django.server [P19530]: "GET /static/admin/js/urlify.js HTTP/1.1" 304 0
[2018-02-04 00:57:00,445] - INFO - django.server [P19530]: "GET /static/admin/js/actions.js HTTP/1.1" 304 0
[2018-02-04 00:57:00,447] - INFO - django.server [P19530]: "GET /static/admin/js/prepopulate.js HTTP/1.1" 304 0
[2018-02-04 00:57:00,447] - INFO - django.server [P19530]: "GET /static/admin/js/vendor/xregexp/xregexp.js HTTP/1.1" 304 0
[2018-02-04 00:57:00,454] - INFO - django.server [P19530]: "GET /static/admin/img/search.svg HTTP/1.1" 304 0
[2018-02-04 00:57:00,490] - INFO - django.server [P19530]: "GET /static/admin/img/tooltag-add.svg HTTP/1.1" 304 0
[2018-02-04 00:57:02,261] - INFO - django.server [P19530]: "GET /admin/ HTTP/1.1" 200 4587
[2018-02-04 01:09:57,873] - INFO - django.server [P20241]: "GET /admin/ HTTP/1.1" 200 4587
[2018-02-04 01:09:59,408] - INFO - django.server [P20241]: "GET /admin/ HTTP/1.1" 200 4587
